<?xml version="1.0" encoding="UTF-8"?>
<testsuite xmlns:xsi="http://www.w3.org/2001/XMLSchema-instance" xsi:noNamespaceSchemaLocation="https://maven.apache.org/surefire/maven-surefire-plugin/xsd/surefire-test-report-3.0.xsd" version="3.0" name="com.nexus.customerimport.CustomerImportApplicationTests" time="4.421" tests="1" errors="0" skipped="0" failures="0">
  <properties>
    <property name="java.specification.version" value="17"/>
    <property name="sun.cpu.isalist" value="amd64"/>
    <property name="sun.jnu.encoding" value="Cp1252"/>
    <property name="java.class.path" value="C:\Users\SanjayB(TADigital)\Projects\CTMS\commercetools-microservices\target\test-classes;C:\Users\SanjayB(TADigital)\Projects\CTMS\commercetools-microservices\target\classes;C:\Users\SanjayB(TADigital)\.m2\repository\com\commercetools\commercetools-sync-java\10.0.0-beta.3\commercetools-sync-java-10.0.0-beta.3.jar;C:\Users\SanjayB(TADigital)\.m2\repository\com\commercetools\sdk\commercetools-sdk-compat-v1\14.7.0\commercetools-sdk-compat-v1-14.7.0.jar;C:\Users\SanjayB(TADigital)\.m2\repository\com\commercetools\sdk\rmf-java-base\14.7.0\rmf-java-base-14.7.0.jar;C:\Users\SanjayB(TADigital)\.m2\repository\com\fasterxml\jackson\core\jackson-core\2.15.2\jackson-core-2.15.2.jar;C:\Users\SanjayB(TADigital)\.m2\repository\dev\failsafe\failsafe\3.3.1\failsafe-3.3.1.jar;C:\Users\SanjayB(TADigital)\.m2\repository\com\spotify\completable-futures\0.3.5\completable-futures-0.3.5.jar;C:\Users\SanjayB(TADigital)\.m2\repository\com\fasterxml\jackson\core\jackson-annotations\2.15.2\jackson-annotations-2.15.2.jar;C:\Users\SanjayB(TADigital)\.m2\repository\com\fasterxml\jackson\core\jackson-databind\2.15.2\jackson-databind-2.15.2.jar;C:\Users\SanjayB(TADigital)\.m2\repository\org\apache\commons\commons-lang3\3.12.0\commons-lang3-3.12.0.jar;C:\Users\SanjayB(TADigital)\.m2\repository\com\commercetools\sdk\jvm\core\commercetools-java-client-core\2.14.0\commercetools-java-client-core-2.14.0.jar;C:\Users\SanjayB(TADigital)\.m2\repository\com\commercetools\sdk\jvm\core\commercetools-sdk-base\2.14.0\commercetools-sdk-base-2.14.0.jar;C:\Users\SanjayB(TADigital)\.m2\repository\com\commercetools\sdk\jvm\core\sdk-http\2.14.0\sdk-http-2.14.0.jar;C:\Users\SanjayB(TADigital)\.m2\repository\org\javamoney\moneta\moneta-convert\1.4.2\moneta-convert-1.4.2.jar;C:\Users\SanjayB(TADigital)\.m2\repository\org\javamoney\moneta\moneta-convert-imf\1.4.2\moneta-convert-imf-1.4.2.jar;C:\Users\SanjayB(TADigital)\.m2\repository\org\javamoney\moneta\moneta-convert-ecb\1.4.2\moneta-convert-ecb-1.4.2.jar;C:\Users\SanjayB(TADigital)\.m2\repository\org\apache\geronimo\specs\geronimo-annotation_1.2_spec\1.0\geronimo-annotation_1.2_spec-1.0.jar;C:\Users\SanjayB(TADigital)\.m2\repository\com\neovisionaries\nv-i18n\1.28\nv-i18n-1.28.jar;C:\Users\SanjayB(TADigital)\.m2\repository\com\fasterxml\jackson\dataformat\jackson-dataformat-cbor\2.15.2\jackson-dataformat-cbor-2.15.2.jar;C:\Users\SanjayB(TADigital)\.m2\repository\com\commercetools\sdk\jvm\core\commercetools-models\2.14.0\commercetools-models-2.14.0.jar;C:\Users\SanjayB(TADigital)\.m2\repository\com\google\code\findbugs\jsr305\3.0.2\jsr305-3.0.2.jar;C:\Users\SanjayB(TADigital)\.m2\repository\javax\validation\validation-api\2.0.1.Final\validation-api-2.0.1.Final.jar;C:\Users\SanjayB(TADigital)\.m2\repository\com\commercetools\sdk\commercetools-apachehttp-client\14.7.0\commercetools-apachehttp-client-14.7.0.jar;C:\Users\SanjayB(TADigital)\.m2\repository\org\apache\httpcomponents\client5\httpclient5\5.2.1\httpclient5-5.2.1.jar;C:\Users\SanjayB(TADigital)\.m2\repository\org\apache\httpcomponents\core5\httpcore5\5.2.2\httpcore5-5.2.2.jar;C:\Users\SanjayB(TADigital)\.m2\repository\org\apache\httpcomponents\core5\httpcore5-h2\5.2.2\httpcore5-h2-5.2.2.jar;C:\Users\SanjayB(TADigital)\.m2\repository\commons-io\commons-io\2.15.0\commons-io-2.15.0.jar;C:\Users\SanjayB(TADigital)\.m2\repository\com\commercetools\sdk\commercetools-http-client\10.1.0\commercetools-http-client-10.1.0.jar;C:\Users\SanjayB(TADigital)\.m2\repository\com\commercetools\sdk\commercetools-okhttp-client4\10.1.0\commercetools-okhttp-client4-10.1.0.jar;C:\Users\SanjayB(TADigital)\.m2\repository\com\squareup\okhttp3\okhttp\4.10.0\okhttp-4.10.0.jar;C:\Users\SanjayB(TADigital)\.m2\repository\com\squareup\okio\okio-jvm\3.0.0\okio-jvm-3.0.0.jar;C:\Users\SanjayB(TADigital)\.m2\repository\org\jetbrains\kotlin\kotlin-stdlib-jdk8\1.8.22\kotlin-stdlib-jdk8-1.8.22.jar;C:\Users\SanjayB(TADigital)\.m2\repository\org\jetbrains\kotlin\kotlin-stdlib-jdk7\1.8.22\kotlin-stdlib-jdk7-1.8.22.jar;C:\Users\SanjayB(TADigital)\.m2\repository\org\jetbrains\kotlin\kotlin-stdlib-common\1.8.22\kotlin-stdlib-common-1.8.22.jar;C:\Users\SanjayB(TADigital)\.m2\repository\org\jetbrains\kotlin\kotlin-stdlib\1.8.22\kotlin-stdlib-1.8.22.jar;C:\Users\SanjayB(TADigital)\.m2\repository\org\jetbrains\annotations\13.0\annotations-13.0.jar;C:\Users\SanjayB(TADigital)\.m2\repository\com\squareup\okio\okio\3.2.0\okio-3.2.0.jar;C:\Users\SanjayB(TADigital)\.m2\repository\com\commercetools\sdk\commercetools-sdk-java-api\10.1.0\commercetools-sdk-java-api-10.1.0.jar;C:\Users\SanjayB(TADigital)\.m2\repository\com\commercetools\sdk\commercetools-money\10.1.0\commercetools-money-10.1.0.jar;C:\Users\SanjayB(TADigital)\.m2\repository\javax\money\money-api\1.1\money-api-1.1.jar;C:\Users\SanjayB(TADigital)\.m2\repository\org\javamoney\moneta\moneta-core\1.4.2\moneta-core-1.4.2.jar;C:\Users\SanjayB(TADigital)\.m2\repository\javax\annotation\javax.annotation-api\1.3.2\javax.annotation-api-1.3.2.jar;C:\Users\SanjayB(TADigital)\.m2\repository\com\github\ben-manes\caffeine\caffeine\3.1.8\caffeine-3.1.8.jar;C:\Users\SanjayB(TADigital)\.m2\repository\org\checkerframework\checker-qual\3.37.0\checker-qual-3.37.0.jar;C:\Users\SanjayB(TADigital)\.m2\repository\com\google\errorprone\error_prone_annotations\2.21.1\error_prone_annotations-2.21.1.jar;C:\Users\SanjayB(TADigital)\.m2\repository\org\apache\commons\commons-text\1.9\commons-text-1.9.jar;C:\Users\SanjayB(TADigital)\.m2\repository\org\springframework\boot\spring-boot-starter-integration\3.1.4\spring-boot-starter-integration-3.1.4.jar;C:\Users\SanjayB(TADigital)\.m2\repository\org\springframework\boot\spring-boot-starter-aop\3.1.4\spring-boot-starter-aop-3.1.4.jar;C:\Users\SanjayB(TADigital)\.m2\repository\org\springframework\spring-aop\6.0.12\spring-aop-6.0.12.jar;C:\Users\SanjayB(TADigital)\.m2\repository\org\aspectj\aspectjweaver\1.9.20\aspectjweaver-1.9.20.jar;C:\Users\SanjayB(TADigital)\.m2\repository\org\springframework\integration\spring-integration-core\6.1.3\spring-integration-core-6.1.3.jar;C:\Users\SanjayB(TADigital)\.m2\repository\org\springframework\spring-context\6.0.12\spring-context-6.0.12.jar;C:\Users\SanjayB(TADigital)\.m2\repository\org\springframework\spring-messaging\6.0.12\spring-messaging-6.0.12.jar;C:\Users\SanjayB(TADigital)\.m2\repository\org\springframework\spring-tx\6.0.12\spring-tx-6.0.12.jar;C:\Users\SanjayB(TADigital)\.m2\repository\org\springframework\retry\spring-retry\2.0.3\spring-retry-2.0.3.jar;C:\Users\SanjayB(TADigital)\.m2\repository\io\projectreactor\reactor-core\3.5.10\reactor-core-3.5.10.jar;C:\Users\SanjayB(TADigital)\.m2\repository\org\reactivestreams\reactive-streams\1.0.4\reactive-streams-1.0.4.jar;C:\Users\SanjayB(TADigital)\.m2\repository\io\micrometer\micrometer-observation\1.11.4\micrometer-observation-1.11.4.jar;C:\Users\SanjayB(TADigital)\.m2\repository\io\micrometer\micrometer-commons\1.11.4\micrometer-commons-1.11.4.jar;C:\Users\SanjayB(TADigital)\.m2\repository\org\apache\commons\commons-csv\1.10.0\commons-csv-1.10.0.jar;C:\Users\SanjayB(TADigital)\.m2\repository\org\thymeleaf\thymeleaf\3.1.2.RELEASE\thymeleaf-3.1.2.RELEASE.jar;C:\Users\SanjayB(TADigital)\.m2\repository\ognl\ognl\3.3.4\ognl-3.3.4.jar;C:\Users\SanjayB(TADigital)\.m2\repository\org\javassist\javassist\3.29.0-GA\javassist-3.29.0-GA.jar;C:\Users\SanjayB(TADigital)\.m2\repository\org\attoparser\attoparser\2.0.7.RELEASE\attoparser-2.0.7.RELEASE.jar;C:\Users\SanjayB(TADigital)\.m2\repository\org\unbescape\unbescape\1.1.6.RELEASE\unbescape-1.1.6.RELEASE.jar;C:\Users\SanjayB(TADigital)\.m2\repository\org\slf4j\slf4j-api\2.0.9\slf4j-api-2.0.9.jar;C:\Users\SanjayB(TADigital)\.m2\repository\org\springframework\boot\spring-boot-starter-web\3.1.4\spring-boot-starter-web-3.1.4.jar;C:\Users\SanjayB(TADigital)\.m2\repository\org\springframework\boot\spring-boot-starter\3.1.4\spring-boot-starter-3.1.4.jar;C:\Users\SanjayB(TADigital)\.m2\repository\org\springframework\boot\spring-boot\3.1.4\spring-boot-3.1.4.jar;C:\Users\SanjayB(TADigital)\.m2\repository\org\springframework\boot\spring-boot-autoconfigure\3.1.4\spring-boot-autoconfigure-3.1.4.jar;C:\Users\SanjayB(TADigital)\.m2\repository\org\springframework\boot\spring-boot-starter-logging\3.1.4\spring-boot-starter-logging-3.1.4.jar;C:\Users\SanjayB(TADigital)\.m2\repository\ch\qos\logback\logback-classic\1.4.11\logback-classic-1.4.11.jar;C:\Users\SanjayB(TADigital)\.m2\repository\ch\qos\logback\logback-core\1.4.11\logback-core-1.4.11.jar;C:\Users\SanjayB(TADigital)\.m2\repository\org\apache\logging\log4j\log4j-to-slf4j\2.20.0\log4j-to-slf4j-2.20.0.jar;C:\Users\SanjayB(TADigital)\.m2\repository\org\apache\logging\log4j\log4j-api\2.20.0\log4j-api-2.20.0.jar;C:\Users\SanjayB(TADigital)\.m2\repository\org\slf4j\jul-to-slf4j\2.0.9\jul-to-slf4j-2.0.9.jar;C:\Users\SanjayB(TADigital)\.m2\repository\jakarta\annotation\jakarta.annotation-api\2.1.1\jakarta.annotation-api-2.1.1.jar;C:\Users\SanjayB(TADigital)\.m2\repository\org\yaml\snakeyaml\1.33\snakeyaml-1.33.jar;C:\Users\SanjayB(TADigital)\.m2\repository\org\springframework\boot\spring-boot-starter-json\3.1.4\spring-boot-starter-json-3.1.4.jar;C:\Users\SanjayB(TADigital)\.m2\repository\com\fasterxml\jackson\datatype\jackson-datatype-jdk8\2.15.2\jackson-datatype-jdk8-2.15.2.jar;C:\Users\SanjayB(TADigital)\.m2\repository\com\fasterxml\jackson\datatype\jackson-datatype-jsr310\2.15.2\jackson-datatype-jsr310-2.15.2.jar;C:\Users\SanjayB(TADigital)\.m2\repository\com\fasterxml\jackson\module\jackson-module-parameter-names\2.15.2\jackson-module-parameter-names-2.15.2.jar;C:\Users\SanjayB(TADigital)\.m2\repository\org\springframework\boot\spring-boot-starter-tomcat\3.1.4\spring-boot-starter-tomcat-3.1.4.jar;C:\Users\SanjayB(TADigital)\.m2\repository\org\apache\tomcat\embed\tomcat-embed-core\10.1.13\tomcat-embed-core-10.1.13.jar;C:\Users\SanjayB(TADigital)\.m2\repository\org\apache\tomcat\embed\tomcat-embed-el\10.1.13\tomcat-embed-el-10.1.13.jar;C:\Users\SanjayB(TADigital)\.m2\repository\org\apache\tomcat\embed\tomcat-embed-websocket\10.1.13\tomcat-embed-websocket-10.1.13.jar;C:\Users\SanjayB(TADigital)\.m2\repository\org\springframework\spring-web\6.0.12\spring-web-6.0.12.jar;C:\Users\SanjayB(TADigital)\.m2\repository\org\springframework\spring-beans\6.0.12\spring-beans-6.0.12.jar;C:\Users\SanjayB(TADigital)\.m2\repository\org\springframework\spring-webmvc\6.0.12\spring-webmvc-6.0.12.jar;C:\Users\SanjayB(TADigital)\.m2\repository\org\springframework\spring-expression\6.0.12\spring-expression-6.0.12.jar;C:\Users\SanjayB(TADigital)\.m2\repository\org\springframework\integration\spring-integration-http\6.1.3\spring-integration-http-6.1.3.jar;C:\Users\SanjayB(TADigital)\.m2\repository\org\springframework\boot\spring-boot-starter-test\3.1.4\spring-boot-starter-test-3.1.4.jar;C:\Users\SanjayB(TADigital)\.m2\repository\org\springframework\boot\spring-boot-test\3.1.4\spring-boot-test-3.1.4.jar;C:\Users\SanjayB(TADigital)\.m2\repository\org\springframework\boot\spring-boot-test-autoconfigure\3.1.4\spring-boot-test-autoconfigure-3.1.4.jar;C:\Users\SanjayB(TADigital)\.m2\repository\com\jayway\jsonpath\json-path\2.8.0\json-path-2.8.0.jar;C:\Users\SanjayB(TADigital)\.m2\repository\jakarta\xml\bind\jakarta.xml.bind-api\4.0.1\jakarta.xml.bind-api-4.0.1.jar;C:\Users\SanjayB(TADigital)\.m2\repository\jakarta\activation\jakarta.activation-api\2.1.2\jakarta.activation-api-2.1.2.jar;C:\Users\SanjayB(TADigital)\.m2\repository\net\minidev\json-smart\2.4.11\json-smart-2.4.11.jar;C:\Users\SanjayB(TADigital)\.m2\repository\net\minidev\accessors-smart\2.4.11\accessors-smart-2.4.11.jar;C:\Users\SanjayB(TADigital)\.m2\repository\org\ow2\asm\asm\9.3\asm-9.3.jar;C:\Users\SanjayB(TADigital)\.m2\repository\org\assertj\assertj-core\3.24.2\assertj-core-3.24.2.jar;C:\Users\SanjayB(TADigital)\.m2\repository\net\bytebuddy\byte-buddy\1.14.8\byte-buddy-1.14.8.jar;C:\Users\SanjayB(TADigital)\.m2\repository\org\hamcrest\hamcrest\2.2\hamcrest-2.2.jar;C:\Users\SanjayB(TADigital)\.m2\repository\org\junit\jupiter\junit-jupiter\5.9.3\junit-jupiter-5.9.3.jar;C:\Users\SanjayB(TADigital)\.m2\repository\org\junit\jupiter\junit-jupiter-api\5.9.3\junit-jupiter-api-5.9.3.jar;C:\Users\SanjayB(TADigital)\.m2\repository\org\opentest4j\opentest4j\1.2.0\opentest4j-1.2.0.jar;C:\Users\SanjayB(TADigital)\.m2\repository\org\junit\platform\junit-platform-commons\1.9.3\junit-platform-commons-1.9.3.jar;C:\Users\SanjayB(TADigital)\.m2\repository\org\apiguardian\apiguardian-api\1.1.2\apiguardian-api-1.1.2.jar;C:\Users\SanjayB(TADigital)\.m2\repository\org\junit\jupiter\junit-jupiter-params\5.9.3\junit-jupiter-params-5.9.3.jar;C:\Users\SanjayB(TADigital)\.m2\repository\org\junit\jupiter\junit-jupiter-engine\5.9.3\junit-jupiter-engine-5.9.3.jar;C:\Users\SanjayB(TADigital)\.m2\repository\org\junit\platform\junit-platform-engine\1.9.3\junit-platform-engine-1.9.3.jar;C:\Users\SanjayB(TADigital)\.m2\repository\org\mockito\mockito-core\5.3.1\mockito-core-5.3.1.jar;C:\Users\SanjayB(TADigital)\.m2\repository\net\bytebuddy\byte-buddy-agent\1.14.8\byte-buddy-agent-1.14.8.jar;C:\Users\SanjayB(TADigital)\.m2\repository\org\objenesis\objenesis\3.3\objenesis-3.3.jar;C:\Users\SanjayB(TADigital)\.m2\repository\org\mockito\mockito-junit-jupiter\5.3.1\mockito-junit-jupiter-5.3.1.jar;C:\Users\SanjayB(TADigital)\.m2\repository\org\skyscreamer\jsonassert\1.5.1\jsonassert-1.5.1.jar;C:\Users\SanjayB(TADigital)\.m2\repository\org\springframework\spring-core\6.0.12\spring-core-6.0.12.jar;C:\Users\SanjayB(TADigital)\.m2\repository\org\springframework\spring-jcl\6.0.12\spring-jcl-6.0.12.jar;C:\Users\SanjayB(TADigital)\.m2\repository\org\springframework\spring-test\6.0.12\spring-test-6.0.12.jar;C:\Users\SanjayB(TADigital)\.m2\repository\org\xmlunit\xmlunit-core\2.9.1\xmlunit-core-2.9.1.jar;C:\Users\SanjayB(TADigital)\.m2\repository\org\springframework\integration\spring-integration-test\6.1.3\spring-integration-test-6.1.3.jar;C:\Users\SanjayB(TADigital)\.m2\repository\org\springframework\integration\spring-integration-test-support\6.1.3\spring-integration-test-support-6.1.3.jar;C:\Users\SanjayB(TADigital)\.m2\repository\org\hamcrest\hamcrest-library\2.2\hamcrest-library-2.2.jar;C:\Users\SanjayB(TADigital)\.m2\repository\org\hamcrest\hamcrest-core\2.2\hamcrest-core-2.2.jar;C:\Users\SanjayB(TADigital)\.m2\repository\com\vaadin\external\google\android-json\0.0.20131108.vaadin1\android-json-0.0.20131108.vaadin1.jar;"/>
    <property name="java.vm.vendor" value="Microsoft"/>
    <property name="sun.arch.data.model" value="64"/>
    <property name="user.variant" value=""/>
    <property name="java.vendor.url" value="https://www.microsoft.com"/>
    <property name="user.timezone" value="Asia/Calcutta"/>
    <property name="os.name" value="Windows 11"/>
    <property name="java.vm.specification.version" value="17"/>
    <property name="sun.java.launcher" value="SUN_STANDARD"/>
    <property name="user.country" value="IN"/>
    <property name="sun.boot.library.path" value="C:\Program Files\Microsoft\jdk-17.0.8.101-hotspot\bin"/>
    <property name="sun.java.command" value="C:\Users\SanjayB(TADigital)\AppData\Local\Temp\surefire9661580777625388058\surefirebooter-20231103185640254_3.jar C:\Users\SanjayB(TADigital)\AppData\Local\Temp\surefire9661580777625388058 2023-11-03T18-56-37_923-jvmRun1 surefire-20231103185640254_1tmp surefire_0-20231103185640254_2tmp"/>
    <property name="jdk.debug" value="release"/>
    <property name="surefire.test.class.path" value="C:\Users\SanjayB(TADigital)\Projects\CTMS\commercetools-microservices\target\test-classes;C:\Users\SanjayB(TADigital)\Projects\CTMS\commercetools-microservices\target\classes;C:\Users\SanjayB(TADigital)\.m2\repository\com\commercetools\commercetools-sync-java\10.0.0-beta.3\commercetools-sync-java-10.0.0-beta.3.jar;C:\Users\SanjayB(TADigital)\.m2\repository\com\commercetools\sdk\commercetools-sdk-compat-v1\14.7.0\commercetools-sdk-compat-v1-14.7.0.jar;C:\Users\SanjayB(TADigital)\.m2\repository\com\commercetools\sdk\rmf-java-base\14.7.0\rmf-java-base-14.7.0.jar;C:\Users\SanjayB(TADigital)\.m2\repository\com\fasterxml\jackson\core\jackson-core\2.15.2\jackson-core-2.15.2.jar;C:\Users\SanjayB(TADigital)\.m2\repository\dev\failsafe\failsafe\3.3.1\failsafe-3.3.1.jar;C:\Users\SanjayB(TADigital)\.m2\repository\com\spotify\completable-futures\0.3.5\completable-futures-0.3.5.jar;C:\Users\SanjayB(TADigital)\.m2\repository\com\fasterxml\jackson\core\jackson-annotations\2.15.2\jackson-annotations-2.15.2.jar;C:\Users\SanjayB(TADigital)\.m2\repository\com\fasterxml\jackson\core\jackson-databind\2.15.2\jackson-databind-2.15.2.jar;C:\Users\SanjayB(TADigital)\.m2\repository\org\apache\commons\commons-lang3\3.12.0\commons-lang3-3.12.0.jar;C:\Users\SanjayB(TADigital)\.m2\repository\com\commercetools\sdk\jvm\core\commercetools-java-client-core\2.14.0\commercetools-java-client-core-2.14.0.jar;C:\Users\SanjayB(TADigital)\.m2\repository\com\commercetools\sdk\jvm\core\commercetools-sdk-base\2.14.0\commercetools-sdk-base-2.14.0.jar;C:\Users\SanjayB(TADigital)\.m2\repository\com\commercetools\sdk\jvm\core\sdk-http\2.14.0\sdk-http-2.14.0.jar;C:\Users\SanjayB(TADigital)\.m2\repository\org\javamoney\moneta\moneta-convert\1.4.2\moneta-convert-1.4.2.jar;C:\Users\SanjayB(TADigital)\.m2\repository\org\javamoney\moneta\moneta-convert-imf\1.4.2\moneta-convert-imf-1.4.2.jar;C:\Users\SanjayB(TADigital)\.m2\repository\org\javamoney\moneta\moneta-convert-ecb\1.4.2\moneta-convert-ecb-1.4.2.jar;C:\Users\SanjayB(TADigital)\.m2\repository\org\apache\geronimo\specs\geronimo-annotation_1.2_spec\1.0\geronimo-annotation_1.2_spec-1.0.jar;C:\Users\SanjayB(TADigital)\.m2\repository\com\neovisionaries\nv-i18n\1.28\nv-i18n-1.28.jar;C:\Users\SanjayB(TADigital)\.m2\repository\com\fasterxml\jackson\dataformat\jackson-dataformat-cbor\2.15.2\jackson-dataformat-cbor-2.15.2.jar;C:\Users\SanjayB(TADigital)\.m2\repository\com\commercetools\sdk\jvm\core\commercetools-models\2.14.0\commercetools-models-2.14.0.jar;C:\Users\SanjayB(TADigital)\.m2\repository\com\google\code\findbugs\jsr305\3.0.2\jsr305-3.0.2.jar;C:\Users\SanjayB(TADigital)\.m2\repository\javax\validation\validation-api\2.0.1.Final\validation-api-2.0.1.Final.jar;C:\Users\SanjayB(TADigital)\.m2\repository\com\commercetools\sdk\commercetools-apachehttp-client\14.7.0\commercetools-apachehttp-client-14.7.0.jar;C:\Users\SanjayB(TADigital)\.m2\repository\org\apache\httpcomponents\client5\httpclient5\5.2.1\httpclient5-5.2.1.jar;C:\Users\SanjayB(TADigital)\.m2\repository\org\apache\httpcomponents\core5\httpcore5\5.2.2\httpcore5-5.2.2.jar;C:\Users\SanjayB(TADigital)\.m2\repository\org\apache\httpcomponents\core5\httpcore5-h2\5.2.2\httpcore5-h2-5.2.2.jar;C:\Users\SanjayB(TADigital)\.m2\repository\commons-io\commons-io\2.15.0\commons-io-2.15.0.jar;C:\Users\SanjayB(TADigital)\.m2\repository\com\commercetools\sdk\commercetools-http-client\10.1.0\commercetools-http-client-10.1.0.jar;C:\Users\SanjayB(TADigital)\.m2\repository\com\commercetools\sdk\commercetools-okhttp-client4\10.1.0\commercetools-okhttp-client4-10.1.0.jar;C:\Users\SanjayB(TADigital)\.m2\repository\com\squareup\okhttp3\okhttp\4.10.0\okhttp-4.10.0.jar;C:\Users\SanjayB(TADigital)\.m2\repository\com\squareup\okio\okio-jvm\3.0.0\okio-jvm-3.0.0.jar;C:\Users\SanjayB(TADigital)\.m2\repository\org\jetbrains\kotlin\kotlin-stdlib-jdk8\1.8.22\kotlin-stdlib-jdk8-1.8.22.jar;C:\Users\SanjayB(TADigital)\.m2\repository\org\jetbrains\kotlin\kotlin-stdlib-jdk7\1.8.22\kotlin-stdlib-jdk7-1.8.22.jar;C:\Users\SanjayB(TADigital)\.m2\repository\org\jetbrains\kotlin\kotlin-stdlib-common\1.8.22\kotlin-stdlib-common-1.8.22.jar;C:\Users\SanjayB(TADigital)\.m2\repository\org\jetbrains\kotlin\kotlin-stdlib\1.8.22\kotlin-stdlib-1.8.22.jar;C:\Users\SanjayB(TADigital)\.m2\repository\org\jetbrains\annotations\13.0\annotations-13.0.jar;C:\Users\SanjayB(TADigital)\.m2\repository\com\squareup\okio\okio\3.2.0\okio-3.2.0.jar;C:\Users\SanjayB(TADigital)\.m2\repository\com\commercetools\sdk\commercetools-sdk-java-api\10.1.0\commercetools-sdk-java-api-10.1.0.jar;C:\Users\SanjayB(TADigital)\.m2\repository\com\commercetools\sdk\commercetools-money\10.1.0\commercetools-money-10.1.0.jar;C:\Users\SanjayB(TADigital)\.m2\repository\javax\money\money-api\1.1\money-api-1.1.jar;C:\Users\SanjayB(TADigital)\.m2\repository\org\javamoney\moneta\moneta-core\1.4.2\moneta-core-1.4.2.jar;C:\Users\SanjayB(TADigital)\.m2\repository\javax\annotation\javax.annotation-api\1.3.2\javax.annotation-api-1.3.2.jar;C:\Users\SanjayB(TADigital)\.m2\repository\com\github\ben-manes\caffeine\caffeine\3.1.8\caffeine-3.1.8.jar;C:\Users\SanjayB(TADigital)\.m2\repository\org\checkerframework\checker-qual\3.37.0\checker-qual-3.37.0.jar;C:\Users\SanjayB(TADigital)\.m2\repository\com\google\errorprone\error_prone_annotations\2.21.1\error_prone_annotations-2.21.1.jar;C:\Users\SanjayB(TADigital)\.m2\repository\org\apache\commons\commons-text\1.9\commons-text-1.9.jar;C:\Users\SanjayB(TADigital)\.m2\repository\org\springframework\boot\spring-boot-starter-integration\3.1.4\spring-boot-starter-integration-3.1.4.jar;C:\Users\SanjayB(TADigital)\.m2\repository\org\springframework\boot\spring-boot-starter-aop\3.1.4\spring-boot-starter-aop-3.1.4.jar;C:\Users\SanjayB(TADigital)\.m2\repository\org\springframework\spring-aop\6.0.12\spring-aop-6.0.12.jar;C:\Users\SanjayB(TADigital)\.m2\repository\org\aspectj\aspectjweaver\1.9.20\aspectjweaver-1.9.20.jar;C:\Users\SanjayB(TADigital)\.m2\repository\org\springframework\integration\spring-integration-core\6.1.3\spring-integration-core-6.1.3.jar;C:\Users\SanjayB(TADigital)\.m2\repository\org\springframework\spring-context\6.0.12\spring-context-6.0.12.jar;C:\Users\SanjayB(TADigital)\.m2\repository\org\springframework\spring-messaging\6.0.12\spring-messaging-6.0.12.jar;C:\Users\SanjayB(TADigital)\.m2\repository\org\springframework\spring-tx\6.0.12\spring-tx-6.0.12.jar;C:\Users\SanjayB(TADigital)\.m2\repository\org\springframework\retry\spring-retry\2.0.3\spring-retry-2.0.3.jar;C:\Users\SanjayB(TADigital)\.m2\repository\io\projectreactor\reactor-core\3.5.10\reactor-core-3.5.10.jar;C:\Users\SanjayB(TADigital)\.m2\repository\org\reactivestreams\reactive-streams\1.0.4\reactive-streams-1.0.4.jar;C:\Users\SanjayB(TADigital)\.m2\repository\io\micrometer\micrometer-observation\1.11.4\micrometer-observation-1.11.4.jar;C:\Users\SanjayB(TADigital)\.m2\repository\io\micrometer\micrometer-commons\1.11.4\micrometer-commons-1.11.4.jar;C:\Users\SanjayB(TADigital)\.m2\repository\org\apache\commons\commons-csv\1.10.0\commons-csv-1.10.0.jar;C:\Users\SanjayB(TADigital)\.m2\repository\org\thymeleaf\thymeleaf\3.1.2.RELEASE\thymeleaf-3.1.2.RELEASE.jar;C:\Users\SanjayB(TADigital)\.m2\repository\ognl\ognl\3.3.4\ognl-3.3.4.jar;C:\Users\SanjayB(TADigital)\.m2\repository\org\javassist\javassist\3.29.0-GA\javassist-3.29.0-GA.jar;C:\Users\SanjayB(TADigital)\.m2\repository\org\attoparser\attoparser\2.0.7.RELEASE\attoparser-2.0.7.RELEASE.jar;C:\Users\SanjayB(TADigital)\.m2\repository\org\unbescape\unbescape\1.1.6.RELEASE\unbescape-1.1.6.RELEASE.jar;C:\Users\SanjayB(TADigital)\.m2\repository\org\slf4j\slf4j-api\2.0.9\slf4j-api-2.0.9.jar;C:\Users\SanjayB(TADigital)\.m2\repository\org\springframework\boot\spring-boot-starter-web\3.1.4\spring-boot-starter-web-3.1.4.jar;C:\Users\SanjayB(TADigital)\.m2\repository\org\springframework\boot\spring-boot-starter\3.1.4\spring-boot-starter-3.1.4.jar;C:\Users\SanjayB(TADigital)\.m2\repository\org\springframework\boot\spring-boot\3.1.4\spring-boot-3.1.4.jar;C:\Users\SanjayB(TADigital)\.m2\repository\org\springframework\boot\spring-boot-autoconfigure\3.1.4\spring-boot-autoconfigure-3.1.4.jar;C:\Users\SanjayB(TADigital)\.m2\repository\org\springframework\boot\spring-boot-starter-logging\3.1.4\spring-boot-starter-logging-3.1.4.jar;C:\Users\SanjayB(TADigital)\.m2\repository\ch\qos\logback\logback-classic\1.4.11\logback-classic-1.4.11.jar;C:\Users\SanjayB(TADigital)\.m2\repository\ch\qos\logback\logback-core\1.4.11\logback-core-1.4.11.jar;C:\Users\SanjayB(TADigital)\.m2\repository\org\apache\logging\log4j\log4j-to-slf4j\2.20.0\log4j-to-slf4j-2.20.0.jar;C:\Users\SanjayB(TADigital)\.m2\repository\org\apache\logging\log4j\log4j-api\2.20.0\log4j-api-2.20.0.jar;C:\Users\SanjayB(TADigital)\.m2\repository\org\slf4j\jul-to-slf4j\2.0.9\jul-to-slf4j-2.0.9.jar;C:\Users\SanjayB(TADigital)\.m2\repository\jakarta\annotation\jakarta.annotation-api\2.1.1\jakarta.annotation-api-2.1.1.jar;C:\Users\SanjayB(TADigital)\.m2\repository\org\yaml\snakeyaml\1.33\snakeyaml-1.33.jar;C:\Users\SanjayB(TADigital)\.m2\repository\org\springframework\boot\spring-boot-starter-json\3.1.4\spring-boot-starter-json-3.1.4.jar;C:\Users\SanjayB(TADigital)\.m2\repository\com\fasterxml\jackson\datatype\jackson-datatype-jdk8\2.15.2\jackson-datatype-jdk8-2.15.2.jar;C:\Users\SanjayB(TADigital)\.m2\repository\com\fasterxml\jackson\datatype\jackson-datatype-jsr310\2.15.2\jackson-datatype-jsr310-2.15.2.jar;C:\Users\SanjayB(TADigital)\.m2\repository\com\fasterxml\jackson\module\jackson-module-parameter-names\2.15.2\jackson-module-parameter-names-2.15.2.jar;C:\Users\SanjayB(TADigital)\.m2\repository\org\springframework\boot\spring-boot-starter-tomcat\3.1.4\spring-boot-starter-tomcat-3.1.4.jar;C:\Users\SanjayB(TADigital)\.m2\repository\org\apache\tomcat\embed\tomcat-embed-core\10.1.13\tomcat-embed-core-10.1.13.jar;C:\Users\SanjayB(TADigital)\.m2\repository\org\apache\tomcat\embed\tomcat-embed-el\10.1.13\tomcat-embed-el-10.1.13.jar;C:\Users\SanjayB(TADigital)\.m2\repository\org\apache\tomcat\embed\tomcat-embed-websocket\10.1.13\tomcat-embed-websocket-10.1.13.jar;C:\Users\SanjayB(TADigital)\.m2\repository\org\springframework\spring-web\6.0.12\spring-web-6.0.12.jar;C:\Users\SanjayB(TADigital)\.m2\repository\org\springframework\spring-beans\6.0.12\spring-beans-6.0.12.jar;C:\Users\SanjayB(TADigital)\.m2\repository\org\springframework\spring-webmvc\6.0.12\spring-webmvc-6.0.12.jar;C:\Users\SanjayB(TADigital)\.m2\repository\org\springframework\spring-expression\6.0.12\spring-expression-6.0.12.jar;C:\Users\SanjayB(TADigital)\.m2\repository\org\springframework\integration\spring-integration-http\6.1.3\spring-integration-http-6.1.3.jar;C:\Users\SanjayB(TADigital)\.m2\repository\org\springframework\boot\spring-boot-starter-test\3.1.4\spring-boot-starter-test-3.1.4.jar;C:\Users\SanjayB(TADigital)\.m2\repository\org\springframework\boot\spring-boot-test\3.1.4\spring-boot-test-3.1.4.jar;C:\Users\SanjayB(TADigital)\.m2\repository\org\springframework\boot\spring-boot-test-autoconfigure\3.1.4\spring-boot-test-autoconfigure-3.1.4.jar;C:\Users\SanjayB(TADigital)\.m2\repository\com\jayway\jsonpath\json-path\2.8.0\json-path-2.8.0.jar;C:\Users\SanjayB(TADigital)\.m2\repository\jakarta\xml\bind\jakarta.xml.bind-api\4.0.1\jakarta.xml.bind-api-4.0.1.jar;C:\Users\SanjayB(TADigital)\.m2\repository\jakarta\activation\jakarta.activation-api\2.1.2\jakarta.activation-api-2.1.2.jar;C:\Users\SanjayB(TADigital)\.m2\repository\net\minidev\json-smart\2.4.11\json-smart-2.4.11.jar;C:\Users\SanjayB(TADigital)\.m2\repository\net\minidev\accessors-smart\2.4.11\accessors-smart-2.4.11.jar;C:\Users\SanjayB(TADigital)\.m2\repository\org\ow2\asm\asm\9.3\asm-9.3.jar;C:\Users\SanjayB(TADigital)\.m2\repository\org\assertj\assertj-core\3.24.2\assertj-core-3.24.2.jar;C:\Users\SanjayB(TADigital)\.m2\repository\net\bytebuddy\byte-buddy\1.14.8\byte-buddy-1.14.8.jar;C:\Users\SanjayB(TADigital)\.m2\repository\org\hamcrest\hamcrest\2.2\hamcrest-2.2.jar;C:\Users\SanjayB(TADigital)\.m2\repository\org\junit\jupiter\junit-jupiter\5.9.3\junit-jupiter-5.9.3.jar;C:\Users\SanjayB(TADigital)\.m2\repository\org\junit\jupiter\junit-jupiter-api\5.9.3\junit-jupiter-api-5.9.3.jar;C:\Users\SanjayB(TADigital)\.m2\repository\org\opentest4j\opentest4j\1.2.0\opentest4j-1.2.0.jar;C:\Users\SanjayB(TADigital)\.m2\repository\org\junit\platform\junit-platform-commons\1.9.3\junit-platform-commons-1.9.3.jar;C:\Users\SanjayB(TADigital)\.m2\repository\org\apiguardian\apiguardian-api\1.1.2\apiguardian-api-1.1.2.jar;C:\Users\SanjayB(TADigital)\.m2\repository\org\junit\jupiter\junit-jupiter-params\5.9.3\junit-jupiter-params-5.9.3.jar;C:\Users\SanjayB(TADigital)\.m2\repository\org\junit\jupiter\junit-jupiter-engine\5.9.3\junit-jupiter-engine-5.9.3.jar;C:\Users\SanjayB(TADigital)\.m2\repository\org\junit\platform\junit-platform-engine\1.9.3\junit-platform-engine-1.9.3.jar;C:\Users\SanjayB(TADigital)\.m2\repository\org\mockito\mockito-core\5.3.1\mockito-core-5.3.1.jar;C:\Users\SanjayB(TADigital)\.m2\repository\net\bytebuddy\byte-buddy-agent\1.14.8\byte-buddy-agent-1.14.8.jar;C:\Users\SanjayB(TADigital)\.m2\repository\org\objenesis\objenesis\3.3\objenesis-3.3.jar;C:\Users\SanjayB(TADigital)\.m2\repository\org\mockito\mockito-junit-jupiter\5.3.1\mockito-junit-jupiter-5.3.1.jar;C:\Users\SanjayB(TADigital)\.m2\repository\org\skyscreamer\jsonassert\1.5.1\jsonassert-1.5.1.jar;C:\Users\SanjayB(TADigital)\.m2\repository\org\springframework\spring-core\6.0.12\spring-core-6.0.12.jar;C:\Users\SanjayB(TADigital)\.m2\repository\org\springframework\spring-jcl\6.0.12\spring-jcl-6.0.12.jar;C:\Users\SanjayB(TADigital)\.m2\repository\org\springframework\spring-test\6.0.12\spring-test-6.0.12.jar;C:\Users\SanjayB(TADigital)\.m2\repository\org\xmlunit\xmlunit-core\2.9.1\xmlunit-core-2.9.1.jar;C:\Users\SanjayB(TADigital)\.m2\repository\org\springframework\integration\spring-integration-test\6.1.3\spring-integration-test-6.1.3.jar;C:\Users\SanjayB(TADigital)\.m2\repository\org\springframework\integration\spring-integration-test-support\6.1.3\spring-integration-test-support-6.1.3.jar;C:\Users\SanjayB(TADigital)\.m2\repository\org\hamcrest\hamcrest-library\2.2\hamcrest-library-2.2.jar;C:\Users\SanjayB(TADigital)\.m2\repository\org\hamcrest\hamcrest-core\2.2\hamcrest-core-2.2.jar;C:\Users\SanjayB(TADigital)\.m2\repository\com\vaadin\external\google\android-json\0.0.20131108.vaadin1\android-json-0.0.20131108.vaadin1.jar;"/>
    <property name="sun.cpu.endian" value="little"/>
    <property name="user.home" value="C:\Users\SanjayB(TADigital)"/>
    <property name="user.language" value="en"/>
    <property name="java.specification.vendor" value="Oracle Corporation"/>
    <property name="java.version.date" value="2023-08-24"/>
    <property name="java.home" value="C:\Program Files\Microsoft\jdk-17.0.8.101-hotspot"/>
    <property name="file.separator" value="\"/>
    <property name="basedir" value="C:\Users\SanjayB(TADigital)\Projects\CTMS\commercetools-microservices"/>
    <property name="java.vm.compressedOopsMode" value="Zero based"/>
    <property name="line.separator" value="&#10;"/>
    <property name="java.vm.specification.vendor" value="Oracle Corporation"/>
    <property name="java.specification.name" value="Java Platform API Specification"/>
    <property name="FILE_LOG_CHARSET" value="windows-1252"/>
    <property name="java.awt.headless" value="true"/>
    <property name="surefire.real.class.path" value="C:\Users\SanjayB(TADigital)\AppData\Local\Temp\surefire9661580777625388058\surefirebooter-20231103185640254_3.jar"/>
    <property name="user.script" value=""/>
    <property name="sun.management.compiler" value="HotSpot 64-Bit Tiered Compilers"/>
    <property name="java.runtime.version" value="17.0.8.1+1-LTS"/>
    <property name="user.name" value="sanjay.b"/>
    <property name="path.separator" value=";"/>
    <property name="os.version" value="10.0"/>
    <property name="java.runtime.name" value="OpenJDK Runtime Environment"/>
    <property name="file.encoding" value="Cp1252"/>
    <property name="java.vm.name" value="OpenJDK 64-Bit Server VM"/>
    <property name="java.vendor.version" value="Microsoft-8297089"/>
    <property name="localRepository" value="C:\Users\SanjayB(TADigital)\.m2\repository"/>
    <property name="java.vendor.url.bug" value="https://github.com/microsoft/openjdk/issues"/>
    <property name="java.io.tmpdir" value="C:\Users\SANJAY~1\AppData\Local\Temp\"/>
    <property name="idea.version" value="2023.2.2"/>
    <property name="java.version" value="17.0.8.1"/>
    <property name="user.dir" value="C:\Users\SanjayB(TADigital)\Projects\CTMS\commercetools-microservices"/>
    <property name="os.arch" value="amd64"/>
    <property name="java.vm.specification.name" value="Java Virtual Machine Specification"/>
    <property name="PID" value="32328"/>
    <property name="sun.os.patch.level" value=""/>
    <property name="CONSOLE_LOG_CHARSET" value="windows-1252"/>
    <property name="native.encoding" value="Cp1252"/>
    <property name="java.library.path" value="C:\Program Files\Microsoft\jdk-17.0.8.101-hotspot\bin;C:\Windows\Sun\Java\bin;C:\Windows\system32;C:\Windows;C:\Program Files\Microsoft\jdk-17.0.8.101-hotspot\bin;C:\Program Files (x86)\Common Files\Oracle\Java\javapath;C:\Windows\system32;C:\Windows;C:\Windows\System32\Wbem;C:\Windows\System32\WindowsPowerShell\v1.0\;C:\Windows\System32\OpenSSH\;C:\Program Files\Microsoft VS Code\bin;C:\Program Files\Git\cmd;C:\Program Files\nodejs\;C:\Users\SanjayB(TADigital)\AppData\Local\Microsoft\WindowsApps;C:\Users\SanjayB(TADigital)\AppData\Roaming\npm;."/>
    <property name="java.vm.info" value="mixed mode, sharing"/>
    <property name="java.vendor" value="Microsoft"/>
    <property name="java.vm.version" value="17.0.8.1+1-LTS"/>
    <property name="sun.io.unicode.encoding" value="UnicodeLittle"/>
    <property name="java.class.version" value="61.0"/>
  </properties>
  <testcase name="contextLoads" classname="com.nexus.customerimport.CustomerImportApplicationTests" time="1.292">
    <system-out><![CDATA[18:56:41.411 [main] INFO org.springframework.test.context.support.AnnotationConfigContextLoaderUtils -- Could not detect default configuration classes for test class [com.nexus.customerimport.CustomerImportApplicationTests]: CustomerImportApplicationTests does not declare any static, non-private, non-final, nested classes annotated with @Configuration.
18:56:41.568 [main] INFO org.springframework.boot.test.context.SpringBootTestContextBootstrapper -- Found @SpringBootConfiguration com.nexus.customerimport.CustomerImportApplication for test class com.nexus.customerimport.CustomerImportApplicationTests

  .   ____          _            __ _ _
 /\\ / ___'_ __ _ _(_)_ __  __ _ \ \ \ \
( ( )\___ | '_ | '_| | '_ \/ _` | \ \ \ \
 \\/  ___)| |_)| | | | | || (_| |  ) ) ) )
  '  |____| .__|_| |_|_| |_\__, | / / / /
 =========|_|==============|___/=/_/_/_/
 :: Spring Boot ::                (v3.1.4)

2023-11-03T18:56:42.151+05:30  INFO 32328 --- [           main] c.n.c.CustomerImportApplicationTests     : Starting CustomerImportApplicationTests using Java 17.0.8.1 with PID 32328 (started by sanjay.b in C:\Users\SanjayB(TADigital)\Projects\CTMS\commercetools-microservices)
2023-11-03T18:56:42.153+05:30  INFO 32328 --- [           main] c.n.c.CustomerImportApplicationTests     : No active profile set, falling back to 1 default profile: "default"
2023-11-03T18:56:42.954+05:30  INFO 32328 --- [           main] faultConfiguringBeanFactoryPostProcessor : No bean named 'errorChannel' has been explicitly defined. Therefore, a default PublishSubscribeChannel will be created.
2023-11-03T18:56:42.984+05:30  INFO 32328 --- [           main] faultConfiguringBeanFactoryPostProcessor : No bean named 'integrationHeaderChannelRegistry' has been explicitly defined. Therefore, a default DefaultHeaderChannelRegistry will be created.
2023-11-03T18:56:44.282+05:30  INFO 32328 --- [           main] o.s.i.endpoint.EventDrivenConsumer       : Adding {logging-channel-adapter:_org.springframework.integration.errorLogger} as a subscriber to the 'errorChannel' channel
2023-11-03T18:56:44.283+05:30  INFO 32328 --- [           main] o.s.i.channel.PublishSubscribeChannel    : Channel 'application.errorChannel' has 1 subscriber(s).
2023-11-03T18:56:44.283+05:30  INFO 32328 --- [           main] o.s.i.endpoint.EventDrivenConsumer       : started bean '_org.springframework.integration.errorLogger'
2023-11-03T18:56:44.298+05:30  INFO 32328 --- [           main] c.n.c.CustomerImportApplicationTests     : Started CustomerImportApplicationTests in 2.486 seconds (process running for 3.867)
]]></system-out>
  </testcase>
</testsuite>